<?xml version="1.0" encoding="UTF-8"?>
<Site BuildName="(empty)"
	BuildStamp="20241005-1916-Experimental"
	Name="(empty)"
	Generator="ctest-3.26.0"
	CompilerName=""
	CompilerVersion=""
	OSName="Windows"
	Hostname="DESKTOP-OV3P5E4"
	OSRelease=" Professional"
	OSVersion=" (Build 22000)"
	OSPlatform="AMD64"
	Is64Bits="1"
	VendorString="GenuineIntel"
	VendorID="Intel Corporation"
	FamilyID="6"
	ModelID="10"
	ProcessorCacheSize="-1"
	NumberOfLogicalCPU="8"
	NumberOfPhysicalCPU="4"
	TotalVirtualMemory="37590"
	TotalPhysicalMemory="32726"
	LogicalProcessorsPerPhysical="2"
	ProcessorClockFrequency="3392"
	>
	<Testing>
		<StartDateTime>Oct 05 20:16 GMT Daylight Time</StartDateTime>
		<StartTestTime>1728155819</StartTestTime>
		<TestList/>
		<EndDateTime>Oct 05 20:16 GMT Daylight Time</EndDateTime>
		<EndTestTime>1728155819</EndTestTime>
		<ElapsedMinutes>0</ElapsedMinutes>
	</Testing>
</Site>
